# JRE version: Java(TM) SE Runtime Environment (7.0_51-b13) (build 1.7.0_51-b13)
# Java VM: Java HotSpot(TM) 64-Bit Server VM (24.51-b03 mixed mode bsd-amd64 compressed oops)
Heap
 PSYoungGen      total 254464K, used 41445K [0x00000007eaa80000, 0x00000007ff400000, 0x0000000800000000)
  eden space 174592K, 0% used [0x00000007eaa80000,0x00000007eaa80000,0x00000007f5500000)
  from space 79872K, 51% used [0x00000007fa600000,0x00000007fce79530,0x00000007ff400000)
  to   space 81408K, 0% used [0x00000007f5500000,0x00000007f5500000,0x00000007fa480000)
 ParOldGen       total 342528K, used 121409K [0x00000007c0000000, 0x00000007d4e80000, 0x00000007eaa80000)
  object space 342528K, 35% used [0x00000007c0000000,0x00000007c7690698,0x00000007d4e80000)
 PSPermGen       total 262144K, used 262143K [0x00000007b0000000, 0x00000007c0000000, 0x00000007c0000000)
  object space 262144K, 99% used [0x00000007b0000000,0x00000007bfffffc8,0x00000007c0000000)
GC Heap History (10 events):
Event: 4209.273 GC heap after
Heap after GC invocations=59 (full 12):
 PSYoungGen      total 241664K, used 12497K [0x00000007eaa80000, 0x0000000800000000, 0x0000000800000000)
  eden space 148480K, 0% used [0x00000007eaa80000,0x00000007eaa80000,0x00000007f3b80000)
  from space 93184K, 13% used [0x00000007f3b80000,0x00000007f47b4538,0x00000007f9680000)
  to   space 93184K, 0% used [0x00000007fa500000,0x00000007fa500000,0x0000000800000000)
 ParOldGen       total 342528K, used 314720K [0x00000007c0000000, 0x00000007d4e80000, 0x00000007eaa80000)
  object space 342528K, 91% used [0x00000007c0000000,0x00000007d33580c8,0x00000007d4e80000)
 PSPermGen       total 262144K, used 255573K [0x00000007b0000000, 0x00000007c0000000, 0x00000007c0000000)
  object space 262144K, 97% used [0x00000007b0000000,0x00000007bf995620,0x00000007c0000000)
}
Event: 4209.273 GC heap before
{Heap before GC invocations=60 (full 13):
 PSYoungGen      total 241664K, used 12497K [0x00000007eaa80000, 0x0000000800000000, 0x0000000800000000)
  eden space 148480K, 0% used [0x00000007eaa80000,0x00000007eaa80000,0x00000007f3b80000)
  from space 93184K, 13% used [0x00000007f3b80000,0x00000007f47b4538,0x00000007f9680000)
  to   space 93184K, 0% used [0x00000007fa500000,0x00000007fa500000,0x0000000800000000)
 ParOldGen       total 342528K, used 314720K [0x00000007c0000000, 0x00000007d4e80000, 0x00000007eaa80000)
  object space 342528K, 91% used [0x00000007c0000000,0x00000007d33580c8,0x00000007d4e80000)
 PSPermGen       total 262144K, used 255573K [0x00000007b0000000, 0x00000007c0000000, 0x00000007c0000000)
  object space 262144K, 97% used [0x00000007b0000000,0x00000007bf995620,0x00000007c0000000)
Event: 4212.169 GC heap after
Heap after GC invocations=60 (full 13):
 PSYoungGen      total 241664K, used 0K [0x00000007eaa80000, 0x0000000800000000, 0x0000000800000000)
  eden space 148480K, 0% used [0x00000007eaa80000,0x00000007eaa80000,0x00000007f3b80000)
  from space 93184K, 0% used [0x00000007f3b80000,0x00000007f3b80000,0x00000007f9680000)
  to   space 93184K, 0% used [0x00000007fa500000,0x00000007fa500000,0x0000000800000000)
 ParOldGen       total 342528K, used 121409K [0x00000007c0000000, 0x00000007d4e80000, 0x00000007eaa80000)
  object space 342528K, 35% used [0x00000007c0000000,0x00000007c7690698,0x00000007d4e80000)
 PSPermGen       total 262144K, used 247117K [0x00000007b0000000, 0x00000007c0000000, 0x00000007c0000000)
  object space 262144K, 94% used [0x00000007b0000000,0x00000007bf153748,0x00000007c0000000)
}
Event: 4220.983 GC heap before
{Heap before GC invocations=61 (full 13):
 PSYoungGen      total 241664K, used 148480K [0x00000007eaa80000, 0x0000000800000000, 0x0000000800000000)
  eden space 148480K, 100% used [0x00000007eaa80000,0x00000007f3b80000,0x00000007f3b80000)
  from space 93184K, 0% used [0x00000007f3b80000,0x00000007f3b80000,0x00000007f9680000)
  to   space 93184K, 0% used [0x00000007fa500000,0x00000007fa500000,0x0000000800000000)
 ParOldGen       total 342528K, used 121409K [0x00000007c0000000, 0x00000007d4e80000, 0x00000007eaa80000)
  object space 342528K, 35% used [0x00000007c0000000,0x00000007c7690698,0x00000007d4e80000)
 PSPermGen       total 262144K, used 252933K [0x00000007b0000000, 0x00000007c0000000, 0x00000007c0000000)
  object space 262144K, 96% used [0x00000007b0000000,0x00000007bf701730,0x00000007c0000000)
Event: 4221.025 GC heap after
Heap after GC invocations=61 (full 13):
 PSYoungGen      total 250368K, used 25763K [0x00000007eaa80000, 0x00000007ffa00000, 0x0000000800000000)
  eden space 163328K, 0% used [0x00000007eaa80000,0x00000007eaa80000,0x00000007f4a00000)
  from space 87040K, 29% used [0x00000007fa500000,0x00000007fbe28c60,0x00000007ffa00000)
  to   space 90112K, 0% used [0x00000007f4a00000,0x00000007f4a00000,0x00000007fa200000)
 ParOldGen       total 342528K, used 121409K [0x00000007c0000000, 0x00000007d4e80000, 0x00000007eaa80000)
  object space 342528K, 35% used [0x00000007c0000000,0x00000007c7690698,0x00000007d4e80000)
 PSPermGen       total 262144K, used 252933K [0x00000007b0000000, 0x00000007c0000000, 0x00000007c0000000)
  object space 262144K, 96% used [0x00000007b0000000,0x00000007bf701730,0x00000007c0000000)
}
Event: 4312.743 GC heap before
{Heap before GC invocations=62 (full 13):
 PSYoungGen      total 250368K, used 189091K [0x00000007eaa80000, 0x00000007ffa00000, 0x0000000800000000)
  eden space 163328K, 100% used [0x00000007eaa80000,0x00000007f4a00000,0x00000007f4a00000)
  from space 87040K, 29% used [0x00000007fa500000,0x00000007fbe28c60,0x00000007ffa00000)
  to   space 90112K, 0% used [0x00000007f4a00000,0x00000007f4a00000,0x00000007fa200000)
 ParOldGen       total 342528K, used 121409K [0x00000007c0000000, 0x00000007d4e80000, 0x00000007eaa80000)
  object space 342528K, 35% used [0x00000007c0000000,0x00000007c7690698,0x00000007d4e80000)
 PSPermGen       total 262144K, used 258617K [0x00000007b0000000, 0x00000007c0000000, 0x00000007c0000000)
  object space 262144K, 98% used [0x00000007b0000000,0x00000007bfc8e530,0x00000007c0000000)
Event: 4312.807 GC heap after
Heap after GC invocations=62 (full 13):
 PSYoungGen      total 253440K, used 38596K [0x00000007eaa80000, 0x00000007ff900000, 0x0000000800000000)
  eden space 163328K, 0% used [0x00000007eaa80000,0x00000007eaa80000,0x00000007f4a00000)
  from space 90112K, 42% used [0x00000007f4a00000,0x00000007f6fb1190,0x00000007fa200000)
  to   space 84992K, 0% used [0x00000007fa600000,0x00000007fa600000,0x00000007ff900000)
 ParOldGen       total 342528K, used 121409K [0x00000007c0000000, 0x00000007d4e80000, 0x00000007eaa80000)
  object space 342528K, 35% used [0x00000007c0000000,0x00000007c7690698,0x00000007d4e80000)
 PSPermGen       total 262144K, used 258617K [0x00000007b0000000, 0x00000007c0000000, 0x00000007c0000000)
  object space 262144K, 98% used [0x00000007b0000000,0x00000007bfc8e530,0x00000007c0000000)
}
Event: 4327.245 GC heap before
{Heap before GC invocations=63 (full 13):
 PSYoungGen      total 253440K, used 157865K [0x00000007eaa80000, 0x00000007ff900000, 0x0000000800000000)
  eden space 163328K, 73% used [0x00000007eaa80000,0x00000007f1ef9650,0x00000007f4a00000)
  from space 90112K, 42% used [0x00000007f4a00000,0x00000007f6fb1190,0x00000007fa200000)
  to   space 84992K, 0% used [0x00000007fa600000,0x00000007fa600000,0x00000007ff900000)
 ParOldGen       total 342528K, used 121409K [0x00000007c0000000, 0x00000007d4e80000, 0x00000007eaa80000)
  object space 342528K, 35% used [0x00000007c0000000,0x00000007c7690698,0x00000007d4e80000)
 PSPermGen       total 262144K, used 262143K [0x00000007b0000000, 0x00000007c0000000, 0x00000007c0000000)
  object space 262144K, 99% used [0x00000007b0000000,0x00000007bfffffc8,0x00000007c0000000)
Event: 4327.341 GC heap after
Heap after GC invocations=63 (full 13):
 PSYoungGen      total 254464K, used 41445K [0x00000007eaa80000, 0x00000007ff400000, 0x0000000800000000)
  eden space 174592K, 0% used [0x00000007eaa80000,0x00000007eaa80000,0x00000007f5500000)
  from space 79872K, 51% used [0x00000007fa600000,0x00000007fce79530,0x00000007ff400000)
  to   space 81408K, 0% used [0x00000007f5500000,0x00000007f5500000,0x00000007fa480000)
 ParOldGen       total 342528K, used 121409K [0x00000007c0000000, 0x00000007d4e80000, 0x00000007eaa80000)
  object space 342528K, 35% used [0x00000007c0000000,0x00000007c7690698,0x00000007d4e80000)
 PSPermGen       total 262144K, used 262143K [0x00000007b0000000, 0x00000007c0000000, 0x00000007c0000000)
  object space 262144K, 99% used [0x00000007b0000000,0x00000007bfffffc8,0x00000007c0000000)
}
Event: 4327.342 GC heap before
{Heap before GC invocations=64 (full 14):
 PSYoungGen      total 254464K, used 41445K [0x00000007eaa80000, 0x00000007ff400000, 0x0000000800000000)
  eden space 174592K, 0% used [0x00000007eaa80000,0x00000007eaa80000,0x00000007f5500000)
  from space 79872K, 51% used [0x00000007fa600000,0x00000007fce79530,0x00000007ff400000)
  to   space 81408K, 0% used [0x00000007f5500000,0x00000007f5500000,0x00000007fa480000)
 ParOldGen       total 342528K, used 121409K [0x00000007c0000000, 0x00000007d4e80000, 0x00000007eaa80000)
  object space 342528K, 35% used [0x00000007c0000000,0x00000007c7690698,0x00000007d4e80000)
 PSPermGen       total 262144K, used 262143K [0x00000007b0000000, 0x00000007c0000000, 0x00000007c0000000)
  object space 262144K, 99% used [0x00000007b0000000,0x00000007bfffffc8,0x00000007c0000000)

